[00:01:58] [Server thread/WARN]: Chunk [10, 4] has been sitting for 100 ticks, forgetting
[00:01:58] [Server thread/WARN]: Chunk [11, 4] has been sitting for 100 ticks, forgetting
[00:02:04] [Server thread/WARN]: Chunk [13, 19] has been sitting for 100 ticks, forgetting
[00:02:04] [Server thread/WARN]: Chunk [13, 20] has been sitting for 100 ticks, forgetting
[00:02:05] [Server thread/WARN]: Chunk [13, 21] has been sitting for 100 ticks, forgetting
[00:02:05] [Server thread/WARN]: Chunk [13, 18] has been sitting for 100 ticks, forgetting
[00:05:19] [Server thread/WARN]: Unable to resolve BlockEntity for ItemStack: fxntstorage:back_pack
[00:05:22] [Server thread/WARN]: Chunk [15, 18] has been sitting for 100 ticks, forgetting
[00:05:22] [Server thread/WARN]: Chunk [15, 17] has been sitting for 100 ticks, forgetting
[00:05:29] [Server thread/WARN]: Chunk [16, 16] has been sitting for 100 ticks, forgetting
[00:06:28] [Server thread/WARN]: Unable to resolve BlockEntity for ItemStack: fxntstorage:back_pack
[00:12:57] [Server thread/WARN]: Unable to resolve BlockEntity for ItemStack: fxntstorage:back_pack
[00:13:00] [Server thread/WARN]: Bedark moved wrongly!
[00:13:06] [Server thread/WARN]: Chunk [-16, 32] has been sitting for 100 ticks, forgetting
[00:13:06] [Server thread/WARN]: Chunk [-16, 33] has been sitting for 100 ticks, forgetting
[00:13:16] [Server thread/WARN]: Chunk [-18, 33] has been sitting for 100 ticks, forgetting
[00:27:58] [Server thread/INFO]: Bedark has made the advancement [The Cooler Iron]
[00:43:33] [Server thread/INFO]: Bedark has reached the goal [Advanced Tool Making]
[00:54:15] [Server thread/INFO]: Transfer Items
[00:54:15] [Server thread/INFO]: Can Take Item
[00:54:16] [Server thread/INFO]: Transfer Items
[00:54:16] [Server thread/INFO]: Can Take Item
[00:54:16] [Server thread/INFO]: Transfer Items
[00:54:16] [Server thread/INFO]: Can Take Item
[00:54:16] [Server thread/INFO]: Transfer Items
[00:54:16] [Server thread/INFO]: Can Take Item
[00:54:16] [Server thread/INFO]: Transfer Items
[00:54:16] [Server thread/INFO]: Can Take Item
[00:54:17] [Server thread/INFO]: Transfer Items
[00:54:17] [Server thread/INFO]: Can Take Item
[00:54:18] [Server thread/INFO]: Transfer Items
[00:54:18] [Server thread/INFO]: Can Take Item
[00:54:18] [Server thread/INFO]: Transfer Items
[00:54:18] [Server thread/INFO]: Can Take Item
[00:54:18] [Server thread/INFO]: Transfer Items
[00:54:18] [Server thread/INFO]: Can Take Item
[00:54:19] [Server thread/INFO]: Transfer Items
[00:54:19] [Server thread/INFO]: Can Take Item
[00:54:19] [Server thread/INFO]: Transfer Items
[00:54:19] [Server thread/INFO]: Can Take Item
[00:54:19] [Server thread/INFO]: Transfer Items
[00:54:19] [Server thread/INFO]: Can Take Item
[00:54:20] [Server thread/INFO]: Transfer Items
[00:54:20] [Server thread/INFO]: Can Take Item
[00:54:20] [Server thread/INFO]: Transfer Items
[00:54:20] [Server thread/INFO]: Can Take Item
[00:54:22] [Server thread/INFO]: Transfer Items
[00:54:22] [Server thread/INFO]: Can Take Item
[00:54:22] [Server thread/INFO]: Transfer Items
[00:54:22] [Server thread/INFO]: Can Take Item
[00:54:22] [Server thread/INFO]: Transfer Items
[00:54:22] [Server thread/INFO]: Can Take Item
[00:54:23] [Server thread/INFO]: Transfer Items
[00:54:23] [Server thread/INFO]: Can Take Item
[00:54:23] [Server thread/INFO]: Transfer Items
[00:54:23] [Server thread/INFO]: Can Take Item
[00:54:23] [Server thread/INFO]: Transfer Items
[00:54:23] [Server thread/INFO]: Can Take Item
[00:54:24] [Server thread/INFO]: Transfer Items
[00:54:24] [Server thread/INFO]: Can Take Item
[00:54:24] [Server thread/INFO]: Transfer Items
[00:54:24] [Server thread/INFO]: Can Take Item
[00:54:25] [Server thread/INFO]: Transfer Items
[00:54:25] [Server thread/INFO]: Can Take Item
[00:54:25] [Server thread/INFO]: Transfer Items
[00:54:25] [Server thread/INFO]: Can Take Item
[00:55:44] [Server thread/INFO]: [Textile Backup] Warning! Server backup will begin shortly. You may experience some lag.
[00:55:44] [Server thread/INFO]: [Textile Backup] Backup started by: Timer on: 2024.06.07_00-55-44
[00:55:44] [Server thread/INFO]: [Textile Backup] Saving server...
[00:55:44] [Server thread/INFO]: ThreadedAnvilChunkStorage (Bicolândia): All chunks are saved
[00:55:44] [Server thread/INFO]: ThreadedAnvilChunkStorage (ponder): All chunks are saved
[00:55:44] [Server thread/INFO]: ThreadedAnvilChunkStorage (DIM-1): All chunks are saved
[00:55:44] [Server thread/INFO]: ThreadedAnvilChunkStorage (DIM1): All chunks are saved
[00:55:44] [Server thread/INFO]: ThreadedAnvilChunkStorage: All dimensions are saved
[00:55:44] [pool-8-thread-1/INFO]: [Textile Backup] Starting backup
[00:56:11] [pool-8-thread-1/INFO]: [Textile Backup] Compression took: 27.308 seconds.
[00:56:11] [pool-8-thread-1/INFO]: [Textile Backup] Deleted: C:\Users\Ref\Desktop\Bicolandia-server\Bicolandia\backup\Bicolândia\2024.06.05_01-55-46.zip
[00:56:11] [pool-8-thread-1/INFO]: [Textile Backup] Done!
[00:57:41] [Server thread/WARN]: Chunk [-60, 2] has been sitting for 100 ticks, forgetting
[01:02:01] [Server thread/INFO]: KawaiiCyborg007 has made the advancement [Lawn Defender]
[01:18:10] [Server thread/INFO]: [Handshake] Sending channel query
[01:18:10] [Netty Server IO #0/INFO]: [Handshake] Receiving client channels
[01:18:10] [Netty Server IO #0/INFO]: [Handshake] Handshake completed successfully
[01:18:10] [Server thread/INFO]: zSilenceFox[/192.168.194.124:59516] logged in with entity id 91028 at (-571.5, 86.14744745321033, 148.53974712279017)
[01:18:10] [Server thread/INFO]: Sending server config values to client
[01:18:10] [Server thread/INFO]: Syncing config to zSilenceFox (bdc41b6e-2497-31cc-b1e4-dc2f3b14e146)
[01:18:10] [Server thread/INFO]: zSilenceFox joined the game
[01:18:10] [Netty Server IO #0/INFO]: Receiving client config
[01:18:20] [Netty Server IO #0/INFO]: [Ping-Wheel] Channel update: zSilenceFox -> Global
[01:18:20] [Server thread/INFO]: [voicechat] Received secret request of zSilenceFox (18)
[01:18:20] [Server thread/INFO]: [voicechat] Sent secret to zSilenceFox
[01:18:28] [VoiceChatPacketProcessingThread/INFO]: [voicechat] Successfully authenticated player bdc41b6e-2497-31cc-b1e4-dc2f3b14e146
[01:18:29] [VoiceChatPacketProcessingThread/INFO]: [voicechat] Successfully validated connection of player bdc41b6e-2497-31cc-b1e4-dc2f3b14e146
[01:18:29] [VoiceChatPacketProcessingThread/INFO]: [voicechat] Player zSilenceFox (bdc41b6e-2497-31cc-b1e4-dc2f3b14e146) successfully connected to voice chat
[01:27:44] [Server thread/INFO]: zSilenceFox bled to death
[01:27:44] [Server thread/INFO]: [STDOUT]: Player class_3222['zSilenceFox'/91028, l='ServerLevel[Bicolândia]', x=-601.33, y=84.00, z=155.95] died. Death ID: 97
[01:28:15] [Server thread/INFO]: zSilenceFox was slain by KawaiiCyborg007
[01:28:15] [Server thread/INFO]: [STDOUT]: Player class_3222['zSilenceFox'/91028, l='ServerLevel[Bicolândia]', x=-602.95, y=84.00, z=160.39] died. Death ID: 98
[01:28:44] [Server thread/INFO]: KawaiiCyborg007 was slain by zSilenceFox
[01:28:44] [Server thread/INFO]: [STDOUT]: Player class_3222['KawaiiCyborg007'/38, l='ServerLevel[Bicolândia]', x=-599.31, y=84.00, z=156.70] died. Death ID: 99
[01:30:59] [Server thread/INFO]: zSilenceFox lost connection: Disconnected
[01:30:59] [Server thread/INFO]: zSilenceFox left the game
[01:30:59] [Server thread/INFO]: [voicechat] Disconnecting client zSilenceFox
[01:31:00] [Server thread/INFO]: [Handshake] Sending channel query
[01:31:00] [Netty Server IO #2/INFO]: [Handshake] Receiving client channels
[01:31:00] [Netty Server IO #2/INFO]: [Handshake] Handshake completed successfully
[01:31:01] [Server thread/INFO]: zSilenceFox[/192.168.194.124:34082] logged in with entity id 94288 at (-606.2904492584883, 105.5, 194.95773395892138)
[01:31:01] [Server thread/INFO]: Sending server config values to client
[01:31:01] [Server thread/INFO]: Syncing config to zSilenceFox (bdc41b6e-2497-31cc-b1e4-dc2f3b14e146)
[01:31:01] [Server thread/INFO]: zSilenceFox joined the game
[01:31:01] [Netty Server IO #2/INFO]: Receiving client config
[01:31:01] [Netty Server IO #2/INFO]: [Ping-Wheel] Channel update: zSilenceFox -> Global
[01:31:01] [Server thread/INFO]: [voicechat] Received secret request of zSilenceFox (18)
[01:31:01] [Server thread/INFO]: [voicechat] Sent secret to zSilenceFox
[01:31:06] [VoiceChatPacketProcessingThread/INFO]: [voicechat] Successfully authenticated player bdc41b6e-2497-31cc-b1e4-dc2f3b14e146
[01:31:07] [VoiceChatPacketProcessingThread/INFO]: [voicechat] Successfully validated connection of player bdc41b6e-2497-31cc-b1e4-dc2f3b14e146
[01:31:07] [VoiceChatPacketProcessingThread/INFO]: [voicechat] Player zSilenceFox (bdc41b6e-2497-31cc-b1e4-dc2f3b14e146) successfully connected to voice chat
[01:32:35] [Server thread/INFO]: Transfer Items
[01:32:35] [Server thread/INFO]: Can Take Item
[01:32:36] [Server thread/INFO]: Transfer Items
[01:32:36] [Server thread/INFO]: Can Take Item
[01:32:36] [Server thread/INFO]: Transfer Items
[01:32:36] [Server thread/INFO]: Can Take Item
[01:32:37] [Server thread/INFO]: Transfer Items
[01:32:37] [Server thread/INFO]: Can Take Item
[01:32:37] [Server thread/INFO]: Transfer Items
[01:32:37] [Server thread/INFO]: Can Take Item
[01:32:37] [Server thread/INFO]: Transfer Items
[01:32:37] [Server thread/INFO]: Can Take Item
[01:32:37] [Server thread/INFO]: Transfer Items
[01:32:37] [Server thread/INFO]: Can Take Item
[01:32:38] [Server thread/INFO]: Transfer Items
[01:32:38] [Server thread/INFO]: Can Take Item
[01:32:38] [Server thread/INFO]: Transfer Items
[01:32:38] [Server thread/INFO]: Can Take Item
[01:32:38] [Server thread/INFO]: Transfer Items
[01:32:38] [Server thread/INFO]: Can Take Item
[01:32:38] [Server thread/INFO]: Transfer Items
[01:32:38] [Server thread/INFO]: Can Take Item
[01:32:38] [Server thread/INFO]: Transfer Items
[01:32:38] [Server thread/INFO]: Can Take Item
[01:32:39] [Server thread/INFO]: Transfer Items
[01:32:39] [Server thread/INFO]: Can Take Item
[01:32:39] [Server thread/INFO]: Transfer Items
[01:32:39] [Server thread/INFO]: Can Take Item
[01:32:39] [Server thread/INFO]: Transfer Items
[01:32:39] [Server thread/INFO]: Can Take Item
[01:32:39] [Server thread/INFO]: Transfer Items
[01:32:39] [Server thread/INFO]: Can Take Item
[01:32:39] [Server thread/INFO]: Transfer Items
[01:32:39] [Server thread/INFO]: Can Take Item
[01:32:40] [Server thread/INFO]: Transfer Items
[01:32:40] [Server thread/INFO]: Can Take Item
[01:32:40] [Server thread/INFO]: Transfer Items
[01:32:40] [Server thread/INFO]: Can Take Item
[01:32:40] [Server thread/INFO]: Transfer Items
[01:32:40] [Server thread/INFO]: Can Take Item
[01:32:40] [Server thread/INFO]: Transfer Items
[01:32:40] [Server thread/INFO]: Can Take Item
[01:32:40] [Server thread/INFO]: Transfer Items
[01:32:40] [Server thread/INFO]: Can Take Item
[01:32:41] [Server thread/INFO]: Transfer Items
[01:32:41] [Server thread/INFO]: Can Take Item
[01:32:41] [Server thread/INFO]: Transfer Items
[01:32:41] [Server thread/INFO]: Can Take Item
[01:32:41] [Server thread/INFO]: Transfer Items
[01:32:41] [Server thread/INFO]: Can Take Item
[01:32:41] [Server thread/INFO]: Transfer Items
[01:32:41] [Server thread/INFO]: Can Take Item
[01:32:41] [Server thread/INFO]: Transfer Items
[01:32:41] [Server thread/INFO]: Can Take Item
[01:32:42] [Server thread/INFO]: Transfer Items
[01:32:42] [Server thread/INFO]: Can Take Item
[01:32:42] [Server thread/INFO]: Transfer Items
[01:32:42] [Server thread/INFO]: Can Take Item
[01:32:42] [Server thread/INFO]: Transfer Items
[01:32:42] [Server thread/INFO]: Can Take Item
[01:32:42] [Server thread/INFO]: Transfer Items
[01:32:42] [Server thread/INFO]: Can Take Item
[01:32:42] [Server thread/INFO]: Transfer Items
[01:32:42] [Server thread/INFO]: Can Take Item
[01:32:42] [Server thread/INFO]: Transfer Items
[01:32:42] [Server thread/INFO]: Can Take Item
[01:32:43] [Server thread/INFO]: Transfer Items
[01:32:43] [Server thread/INFO]: Can Take Item
[01:32:43] [Server thread/INFO]: Transfer Items
[01:32:43] [Server thread/INFO]: Can Take Item
[01:32:43] [Server thread/INFO]: Transfer Items
[01:32:43] [Server thread/INFO]: Can Take Item
[01:32:43] [Server thread/INFO]: Transfer Items
[01:32:43] [Server thread/INFO]: Can Take Item
[01:32:43] [Server thread/INFO]: Transfer Items
[01:32:43] [Server thread/INFO]: Can Take Item
[01:32:43] [Server thread/INFO]: Transfer Items
[01:32:43] [Server thread/INFO]: Can Take Item
[01:32:44] [Server thread/INFO]: Transfer Items
[01:32:44] [Server thread/INFO]: Can Take Item
[01:32:44] [Server thread/INFO]: Transfer Items
[01:32:44] [Server thread/INFO]: Can Take Item
[01:32:44] [Server thread/INFO]: Transfer Items
[01:32:44] [Server thread/INFO]: Can Take Item
[01:32:44] [Server thread/INFO]: Transfer Items
[01:32:44] [Server thread/INFO]: Can Take Item
[01:32:44] [Server thread/INFO]: Transfer Items
[01:32:44] [Server thread/INFO]: Can Take Item
[01:32:44] [Server thread/INFO]: Transfer Items
[01:32:44] [Server thread/INFO]: Can Take Item
[01:32:45] [Server thread/INFO]: Transfer Items
[01:32:45] [Server thread/INFO]: Can Take Item
[01:32:45] [Server thread/INFO]: Transfer Items
[01:32:45] [Server thread/INFO]: Can Take Item
[01:32:45] [Server thread/INFO]: Transfer Items
[01:32:45] [Server thread/INFO]: Can Take Item
[01:32:45] [Server thread/INFO]: Transfer Items
[01:32:45] [Server thread/INFO]: Can Take Item
[01:32:45] [Server thread/INFO]: Transfer Items
[01:32:45] [Server thread/INFO]: Can Take Item
[01:32:46] [Server thread/INFO]: Transfer Items
[01:32:46] [Server thread/INFO]: Can Take Item
[01:32:46] [Server thread/INFO]: Transfer Items
[01:32:46] [Server thread/INFO]: Can Take Item
[01:32:46] [Server thread/INFO]: Transfer Items
[01:32:46] [Server thread/INFO]: Can Take Item
[01:32:46] [Server thread/INFO]: Transfer Items
[01:32:46] [Server thread/INFO]: Can Take Item
[01:32:46] [Server thread/INFO]: Transfer Items
[01:32:46] [Server thread/INFO]: Can Take Item
[01:32:47] [Server thread/INFO]: Transfer Items
[01:32:47] [Server thread/INFO]: Can Take Item
[01:32:47] [Server thread/INFO]: Transfer Items
[01:32:47] [Server thread/INFO]: Can Take Item
[01:32:47] [Server thread/INFO]: Transfer Items
[01:32:47] [Server thread/INFO]: Can Take Item
[01:32:47] [Server thread/INFO]: Transfer Items
[01:32:47] [Server thread/INFO]: Can Take Item
[01:32:47] [Server thread/INFO]: Transfer Items
[01:32:47] [Server thread/INFO]: Can Take Item
[01:32:48] [Server thread/INFO]: Transfer Items
[01:32:48] [Server thread/INFO]: Can Take Item
[01:32:48] [Server thread/INFO]: Transfer Items
[01:32:48] [Server thread/INFO]: Can Take Item
[01:32:48] [Server thread/INFO]: Transfer Items
[01:32:48] [Server thread/INFO]: Can Take Item
[01:32:48] [Server thread/INFO]: Transfer Items
[01:32:48] [Server thread/INFO]: Can Take Item
[01:32:48] [Server thread/INFO]: Transfer Items
[01:32:48] [Server thread/INFO]: Can Take Item
[01:32:49] [Server thread/INFO]: Transfer Items
[01:32:49] [Server thread/INFO]: Can Take Item
[01:32:49] [Server thread/INFO]: Transfer Items
[01:32:49] [Server thread/INFO]: Can Take Item
[01:32:49] [Server thread/INFO]: Transfer Items
[01:32:49] [Server thread/INFO]: Can Take Item
[01:32:49] [Server thread/INFO]: Transfer Items
[01:32:49] [Server thread/INFO]: Can Take Item
[01:32:49] [Server thread/INFO]: Transfer Items
[01:32:49] [Server thread/INFO]: Can Take Item
[01:32:50] [Server thread/INFO]: Transfer Items
[01:32:50] [Server thread/INFO]: Can Take Item
[01:32:50] [Server thread/INFO]: Transfer Items
[01:32:50] [Server thread/INFO]: Can Take Item
[01:32:50] [Server thread/INFO]: Transfer Items
[01:32:50] [Server thread/INFO]: Can Take Item
[01:32:50] [Server thread/INFO]: Transfer Items
[01:32:50] [Server thread/INFO]: Can Take Item
[01:32:50] [Server thread/INFO]: Transfer Items
[01:32:50] [Server thread/INFO]: Can Take Item
[01:32:50] [Server thread/INFO]: Transfer Items
[01:32:50] [Server thread/INFO]: Can Take Item
[01:32:51] [Server thread/INFO]: Transfer Items
[01:32:51] [Server thread/INFO]: Can Take Item
[01:32:51] [Server thread/INFO]: Transfer Items
[01:32:51] [Server thread/INFO]: Can Take Item
[01:32:51] [Server thread/INFO]: Transfer Items
[01:32:51] [Server thread/INFO]: Can Take Item
[01:32:51] [Server thread/INFO]: Transfer Items
[01:32:51] [Server thread/INFO]: Can Take Item
[01:32:52] [Server thread/INFO]: Transfer Items
[01:32:52] [Server thread/INFO]: Can Take Item
[01:32:52] [Server thread/INFO]: Transfer Items
[01:32:52] [Server thread/INFO]: Can Take Item
[01:32:52] [Server thread/INFO]: Transfer Items
[01:32:52] [Server thread/INFO]: Can Take Item
[01:32:52] [Server thread/INFO]: Transfer Items
[01:32:52] [Server thread/INFO]: Can Take Item
[01:32:52] [Server thread/INFO]: Transfer Items
[01:32:52] [Server thread/INFO]: Can Take Item
[01:32:53] [Server thread/INFO]: Transfer Items
[01:32:53] [Server thread/INFO]: Can Take Item
[01:32:53] [Server thread/INFO]: Transfer Items
[01:32:53] [Server thread/INFO]: Can Take Item
[01:32:53] [Server thread/INFO]: Transfer Items
[01:32:53] [Server thread/INFO]: Can Take Item
[01:32:53] [Server thread/INFO]: Transfer Items
[01:32:53] [Server thread/INFO]: Can Take Item
[01:32:59] [Server thread/INFO]: Transfer Items
[01:32:59] [Server thread/INFO]: Can Take Item
[01:33:02] [Server thread/INFO]: Transfer Items
[01:33:02] [Server thread/INFO]: Can Take Item
[01:33:02] [Server thread/INFO]: Transfer Items
[01:33:02] [Server thread/INFO]: Can Take Item
[01:33:03] [Server thread/INFO]: Transfer Items
[01:33:03] [Server thread/INFO]: Can Take Item
[01:33:04] [Server thread/INFO]: Transfer Items
[01:33:04] [Server thread/INFO]: Can Take Item
[01:33:12] [Server thread/INFO]: Transfer Items
[01:33:12] [Server thread/INFO]: Can Take Item
[01:33:13] [Server thread/INFO]: Transfer Items
[01:33:13] [Server thread/INFO]: Can Take Item
[01:33:13] [Server thread/INFO]: Transfer Items
[01:33:13] [Server thread/INFO]: Can Take Item
[01:33:13] [Server thread/INFO]: Transfer Items
[01:33:13] [Server thread/INFO]: Can Take Item
[01:33:14] [Server thread/INFO]: Transfer Items
[01:33:14] [Server thread/INFO]: Can Take Item
[01:33:14] [Server thread/INFO]: Transfer Items
[01:33:14] [Server thread/INFO]: Can Take Item
[01:33:15] [Server thread/INFO]: Transfer Items
[01:33:15] [Server thread/INFO]: Can Take Item
[01:33:15] [Server thread/INFO]: Transfer Items
[01:33:15] [Server thread/INFO]: Can Take Item
[01:33:15] [Server thread/INFO]: Transfer Items
[01:33:15] [Server thread/INFO]: Can Take Item
[01:33:21] [Server thread/INFO]: Transfer Items
[01:33:21] [Server thread/INFO]: Can Take Item
[01:33:22] [Server thread/INFO]: Transfer Items
[01:33:22] [Server thread/INFO]: Can Take Item
[01:33:22] [Server thread/INFO]: Transfer Items
[01:33:22] [Server thread/INFO]: Can Take Item
[01:33:23] [Server thread/INFO]: Transfer Items
[01:33:23] [Server thread/INFO]: Can Take Item
[01:33:23] [Server thread/INFO]: Transfer Items
[01:33:23] [Server thread/INFO]: Can Take Item
[01:33:23] [Server thread/INFO]: Transfer Items
[01:33:23] [Server thread/INFO]: Can Take Item
[01:33:24] [Server thread/INFO]: Transfer Items
[01:33:24] [Server thread/INFO]: Can Take Item
[01:33:24] [Server thread/INFO]: Transfer Items
[01:33:24] [Server thread/INFO]: Can Take Item
[01:33:25] [Server thread/INFO]: Transfer Items
[01:33:25] [Server thread/INFO]: Can Take Item
[01:33:31] [Server thread/INFO]: Transfer Items
[01:33:31] [Server thread/INFO]: Can Take Item
[01:33:31] [Server thread/INFO]: Transfer Items
[01:33:31] [Server thread/INFO]: Can Take Item
[01:33:32] [Server thread/INFO]: Transfer Items
[01:33:32] [Server thread/INFO]: Can Take Item
[01:33:32] [Server thread/INFO]: Transfer Items
[01:33:32] [Server thread/INFO]: Can Take Item
[01:33:32] [Server thread/INFO]: Transfer Items
[01:33:32] [Server thread/INFO]: Can Take Item
[01:33:33] [Server thread/INFO]: Transfer Items
[01:33:33] [Server thread/INFO]: Can Take Item
[01:33:33] [Server thread/INFO]: Transfer Items
[01:33:33] [Server thread/INFO]: Can Take Item
[01:33:34] [Server thread/INFO]: Transfer Items
[01:33:34] [Server thread/INFO]: Can Take Item
[01:33:34] [Server thread/INFO]: Transfer Items
[01:33:34] [Server thread/INFO]: Can Take Item
[01:33:37] [Server thread/INFO]: Transfer Items
[01:33:37] [Server thread/INFO]: Can Take Item
[01:33:37] [Server thread/INFO]: Transfer Items
[01:33:37] [Server thread/INFO]: Can Take Item
[01:33:41] [Server thread/INFO]: Transfer Items
[01:33:41] [Server thread/INFO]: Can Take Item
[01:33:42] [Server thread/INFO]: Transfer Items
[01:33:42] [Server thread/INFO]: Can Take Item
[01:33:43] [Server thread/INFO]: Transfer Items
[01:33:43] [Server thread/INFO]: Can Take Item
[01:33:43] [Server thread/INFO]: Transfer Items
[01:33:43] [Server thread/INFO]: Can Take Item
[01:33:43] [Server thread/INFO]: Transfer Items
[01:33:43] [Server thread/INFO]: Can Take Item
[01:33:44] [Server thread/INFO]: Transfer Items
[01:33:44] [Server thread/INFO]: Can Take Item
[01:33:45] [Server thread/INFO]: Transfer Items
[01:33:45] [Server thread/INFO]: Can Take Item
[01:33:45] [Server thread/INFO]: Transfer Items
[01:33:45] [Server thread/INFO]: Can Take Item
[01:33:45] [Server thread/INFO]: Transfer Items
[01:33:45] [Server thread/INFO]: Can Take Item
[01:33:46] [Server thread/INFO]: Transfer Items
[01:33:46] [Server thread/INFO]: Can Take Item
[01:53:43] [Server thread/INFO]: zSilenceFox has made the advancement [Shadow Sense]
[01:53:49] [Server thread/INFO]: KawaiiCyborg007 has made the advancement [Shadow Sense]
[01:55:44] [Server thread/INFO]: [Textile Backup] Warning! Server backup will begin shortly. You may experience some lag.
[01:55:44] [Server thread/INFO]: [Textile Backup] Backup started by: Timer on: 2024.06.07_01-55-44
[01:55:44] [Server thread/INFO]: [Textile Backup] Saving server...
[01:55:44] [Server thread/INFO]: ThreadedAnvilChunkStorage (Bicolândia): All chunks are saved
[01:55:44] [Server thread/INFO]: ThreadedAnvilChunkStorage (ponder): All chunks are saved
[01:55:44] [Server thread/INFO]: ThreadedAnvilChunkStorage (DIM-1): All chunks are saved
[01:55:44] [Server thread/INFO]: ThreadedAnvilChunkStorage (DIM1): All chunks are saved
[01:55:44] [Server thread/INFO]: ThreadedAnvilChunkStorage: All dimensions are saved
[01:55:44] [pool-8-thread-1/INFO]: [Textile Backup] Starting backup
[01:55:49] [pool-8-thread-1/INFO]: [Textile Backup] Compression took: 04.834 seconds.
[01:55:49] [pool-8-thread-1/INFO]: [Textile Backup] Deleted: C:\Users\Ref\Desktop\Bicolandia-server\Bicolandia\backup\Bicolândia\2024.06.05_02-55-46.zip
[01:55:49] [pool-8-thread-1/INFO]: [Textile Backup] Done!
[01:59:55] [Server thread/INFO]: [Not Secure] <KawaiiCyborg007> -598 191
[02:03:28] [Netty Server IO #21/ERROR]: Exception occurred in netty pipeline
java.net.SocketException: Connection reset
	at sun.nio.ch.SocketChannelImpl.throwConnectionReset(SocketChannelImpl.java:394) ~[?:?]
	at sun.nio.ch.SocketChannelImpl.read(SocketChannelImpl.java:426) ~[?:?]
	at io.netty.buffer.PooledByteBuf.setBytes(PooledByteBuf.java:258) ~[netty-buffer-4.1.82.Final.jar:?]
	at io.netty.buffer.AbstractByteBuf.writeBytes(AbstractByteBuf.java:1132) ~[netty-buffer-4.1.82.Final.jar:?]
	at io.netty.channel.socket.nio.NioSocketChannel.doReadBytes(NioSocketChannel.java:357) ~[netty-transport-4.1.82.Final.jar:?]
	at io.netty.channel.nio.AbstractNioByteChannel$NioByteUnsafe.read(AbstractNioByteChannel.java:151) ~[netty-transport-4.1.82.Final.jar:?]
	at io.netty.channel.nio.NioEventLoop.processSelectedKey(NioEventLoop.java:788) ~[netty-transport-4.1.82.Final.jar:?]
	at io.netty.channel.nio.NioEventLoop.processSelectedKeysOptimized(NioEventLoop.java:724) ~[netty-transport-4.1.82.Final.jar:?]
	at io.netty.channel.nio.NioEventLoop.processSelectedKeys(NioEventLoop.java:650) ~[netty-transport-4.1.82.Final.jar:?]
	at io.netty.channel.nio.NioEventLoop.run(NioEventLoop.java:562) ~[netty-transport-4.1.82.Final.jar:?]
	at io.netty.util.concurrent.SingleThreadEventExecutor$4.run(SingleThreadEventExecutor.java:997) ~[netty-common-4.1.82.Final.jar:?]
	at io.netty.util.internal.ThreadExecutorMap$2.run(ThreadExecutorMap.java:74) ~[netty-common-4.1.82.Final.jar:?]
	at java.lang.Thread.run(Thread.java:842) ~[?:?]
[02:03:28] [Server thread/INFO]: Bedark lost connection: Disconnected
[02:03:28] [Server thread/INFO]: Bedark left the game
[02:03:28] [Server thread/INFO]: [voicechat] Disconnecting client Bedark
[02:10:11] [Server thread/INFO]: KawaiiCyborg007 was slain by zSilenceFox
[02:10:11] [Server thread/INFO]: [STDOUT]: Player class_3222['KawaiiCyborg007'/38, l='ServerLevel[Bicolândia]', x=-598.79, y=84.00, z=187.34] died. Death ID: 100
[02:23:31] [Server thread/WARN]: Chunk [-21, 32] has been sitting for 100 ticks, forgetting
[02:23:46] [Server thread/WARN]: Chunk [-47, 33] has been sitting for 100 ticks, forgetting
[02:24:00] [Server thread/WARN]: Chunk [-47, 34] has been sitting for 100 ticks, forgetting
[02:24:13] [Server thread/WARN]: Chunk [-47, 35] has been sitting for 100 ticks, forgetting
[02:24:30] [Server thread/WARN]: Chunk [-36, 37] has been sitting for 100 ticks, forgetting
[02:24:30] [Server thread/WARN]: Chunk [-35, 37] has been sitting for 100 ticks, forgetting
[02:24:30] [Server thread/WARN]: Chunk [-37, 37] has been sitting for 100 ticks, forgetting
[02:24:30] [Server thread/WARN]: Chunk [-38, 37] has been sitting for 100 ticks, forgetting
[02:24:30] [Server thread/WARN]: Chunk [-39, 37] has been sitting for 100 ticks, forgetting
[02:24:30] [Server thread/WARN]: Chunk [-40, 37] has been sitting for 100 ticks, forgetting
[02:24:30] [Server thread/WARN]: Chunk [-41, 37] has been sitting for 100 ticks, forgetting
[02:24:30] [Server thread/WARN]: Chunk [-45, 37] has been sitting for 100 ticks, forgetting
[02:24:30] [Server thread/WARN]: Chunk [-43, 37] has been sitting for 100 ticks, forgetting
[02:24:30] [Server thread/WARN]: Chunk [-44, 37] has been sitting for 100 ticks, forgetting
[02:24:31] [Server thread/WARN]: Chunk [-42, 37] has been sitting for 100 ticks, forgetting
[02:24:31] [Server thread/WARN]: Chunk [-47, 36] has been sitting for 100 ticks, forgetting
[02:24:31] [Server thread/WARN]: Chunk [-46, 37] has been sitting for 100 ticks, forgetting
[02:24:31] [Server thread/WARN]: Chunk [-34, 37] has been sitting for 100 ticks, forgetting
[02:26:10] [Server thread/INFO]: [Handshake] Sending channel query
[02:26:10] [Netty Server IO #4/INFO]: [Handshake] Receiving client channels
[02:26:10] [Netty Server IO #4/INFO]: [Handshake] Handshake completed successfully
[02:26:10] [Server thread/INFO]: Bedark[/192.168.194.77:64169] logged in with entity id 106467 at (-582.6018014491307, 91.92159999847412, 143.3291052122921)
[02:26:10] [Server thread/INFO]: Sending server config values to client
[02:26:10] [Server thread/INFO]: Syncing config to Bedark (e9c777e3-611b-3784-a8d9-cc33f63192ee)
[02:26:10] [Server thread/INFO]: Bedark joined the game
[02:26:10] [Netty Server IO #4/INFO]: Receiving client config
[02:26:12] [Netty Server IO #4/INFO]: [Ping-Wheel] Channel update: Bedark -> Global
[02:26:12] [Server thread/INFO]: [voicechat] Received secret request of Bedark (18)
[02:26:12] [Server thread/INFO]: [voicechat] Sent secret to Bedark
[02:26:15] [VoiceChatPacketProcessingThread/INFO]: [voicechat] Successfully authenticated player e9c777e3-611b-3784-a8d9-cc33f63192ee
[02:26:16] [VoiceChatPacketProcessingThread/INFO]: [voicechat] Successfully validated connection of player e9c777e3-611b-3784-a8d9-cc33f63192ee
[02:26:16] [VoiceChatPacketProcessingThread/INFO]: [voicechat] Player Bedark (e9c777e3-611b-3784-a8d9-cc33f63192ee) successfully connected to voice chat
[02:46:10] [Server thread/INFO]: KawaiiCyborg007 fell while climbing
[02:46:10] [Server thread/INFO]: [STDOUT]: Player class_3222['KawaiiCyborg007'/38, l='ServerLevel[Bicolândia]', x=-597.48, y=83.00, z=203.70] died. Death ID: 101
[02:55:44] [Server thread/INFO]: [Textile Backup] Warning! Server backup will begin shortly. You may experience some lag.
[02:55:44] [Server thread/INFO]: [Textile Backup] Backup started by: Timer on: 2024.06.07_02-55-44
[02:55:44] [Server thread/INFO]: [Textile Backup] Saving server...
[02:55:44] [Server thread/INFO]: ThreadedAnvilChunkStorage (Bicolândia): All chunks are saved
[02:55:44] [Server thread/INFO]: ThreadedAnvilChunkStorage (ponder): All chunks are saved
[02:55:44] [Server thread/INFO]: ThreadedAnvilChunkStorage (DIM-1): All chunks are saved
[02:55:44] [Server thread/INFO]: ThreadedAnvilChunkStorage (DIM1): All chunks are saved
[02:55:44] [Server thread/INFO]: ThreadedAnvilChunkStorage: All dimensions are saved
[02:55:44] [pool-8-thread-1/INFO]: [Textile Backup] Starting backup
[02:55:48] [pool-8-thread-1/INFO]: [Textile Backup] Compression took: 04.029 seconds.
[02:55:48] [pool-8-thread-1/INFO]: [Textile Backup] Deleted: C:\Users\Ref\Desktop\Bicolandia-server\Bicolandia\backup\Bicolândia\2024.06.05_03-40-43#shutdown.zip
[02:55:48] [pool-8-thread-1/INFO]: [Textile Backup] Done!
[02:59:32] [Server thread/INFO]: [Not Secure] <zSilenceFox> AA
[03:02:48] [Server thread/INFO]: Bedark has made the advancement [Shadow Sense]
[03:17:04] [Server thread/WARN]: KawaiiCyborg007 moved too quickly! -0.10000000000002274,10.0,0.0
[03:17:04] [Server thread/WARN]: KawaiiCyborg007 moved too quickly! -0.10000000000002274,10.713417557586524,0.0
[03:28:27] [Server thread/WARN]: KawaiiCyborg007 moved wrongly!
[03:29:08] [Server thread/INFO]: Bedark fell from a high place
[03:29:08] [Server thread/INFO]: [STDOUT]: Player class_3222['Bedark'/106467, l='ServerLevel[Bicolândia]', x=-688.67, y=152.00, z=215.19] died. Death ID: 102
[03:31:52] [VoiceChatPacketProcessingThread/INFO]: [voicechat] Player bdc41b6e-2497-31cc-b1e4-dc2f3b14e146 timed out
[03:31:52] [VoiceChatPacketProcessingThread/INFO]: [voicechat] Reconnecting player zSilenceFox
[03:31:52] [VoiceChatPacketProcessingThread/INFO]: [voicechat] Sent secret to zSilenceFox
[03:32:47] [Server thread/INFO]: Bedark fell from a high place
[03:32:47] [Server thread/INFO]: [STDOUT]: Player class_3222['Bedark'/106467, l='ServerLevel[Bicolândia]', x=-693.38, y=143.00, z=210.33] died. Death ID: 103
[03:33:04] [Server thread/INFO]: zSilenceFox lost connection: Timed out
[03:33:04] [Server thread/INFO]: zSilenceFox left the game
[03:33:04] [Server thread/INFO]: [voicechat] Disconnecting client zSilenceFox
[03:33:08] [Server thread/INFO]: Bedark lost connection: Disconnected
[03:33:08] [Server thread/INFO]: Bedark left the game
[03:33:08] [Server thread/INFO]: [voicechat] Disconnecting client Bedark
[03:38:10] [Server thread/INFO]: KawaiiCyborg007 lost connection: Disconnected
[03:38:10] [Server thread/INFO]: KawaiiCyborg007 left the game
[03:38:10] [Server thread/INFO]: [voicechat] Disconnecting client KawaiiCyborg007
[03:38:22] [Server thread/INFO]: Saving saplanting config.
[03:38:22] [Server thread/INFO]: Invalidated damage temperature effect registry cache
[03:38:22] [Server thread/INFO]: Resetting environment controller...
[03:38:22] [Server thread/INFO]: Stopping server
[03:38:22] [Server thread/INFO]: Saving players
[03:38:22] [Server thread/INFO]: Saving worlds
[03:38:22] [SaplantingCoreThread/INFO]: Saplanting core thread exiting.
[03:38:22] [Server thread/INFO]: Saving chunks for level 'ServerLevel[Bicolândia]'/minecraft:overworld
[03:38:22] [Server thread/INFO]: Saving chunks for level 'ServerLevel[Bicolândia]'/create_dd:ponder
[03:38:22] [Server thread/INFO]: Saving chunks for level 'ServerLevel[Bicolândia]'/minecraft:the_nether
[03:38:22] [Server thread/INFO]: Saving chunks for level 'ServerLevel[Bicolândia]'/minecraft:the_end
[03:38:22] [Server thread/INFO]: ThreadedAnvilChunkStorage (Bicolândia): All chunks are saved
[03:38:22] [Server thread/INFO]: ThreadedAnvilChunkStorage (ponder): All chunks are saved
[03:38:22] [Server thread/INFO]: ThreadedAnvilChunkStorage (DIM-1): All chunks are saved
[03:38:22] [Server thread/INFO]: ThreadedAnvilChunkStorage (DIM1): All chunks are saved
[03:38:22] [Server thread/INFO]: ThreadedAnvilChunkStorage: All dimensions are saved
[03:38:22] [C2ME Storage #3/INFO]: Storage thread Thread[C2ME Storage #3,8,main] stopped
[03:38:22] [C2ME Storage #2/INFO]: Storage thread Thread[C2ME Storage #2,8,main] stopped
[03:38:22] [C2ME Storage #1/INFO]: Storage thread Thread[C2ME Storage #1,8,main] stopped
[03:38:22] [C2ME Storage #5/INFO]: Storage thread Thread[C2ME Storage #5,8,main] stopped
[03:38:22] [C2ME Storage #6/INFO]: Storage thread Thread[C2ME Storage #6,8,main] stopped
[03:38:22] [C2ME Storage #4/INFO]: Storage thread Thread[C2ME Storage #4,8,main] stopped
[03:38:22] [C2ME Storage #9/INFO]: Storage thread Thread[C2ME Storage #9,8,main] stopped
[03:38:22] [C2ME Storage #8/INFO]: Storage thread Thread[C2ME Storage #8,8,main] stopped
[03:38:22] [C2ME Storage #7/INFO]: Storage thread Thread[C2ME Storage #7,8,main] stopped
[03:38:22] [C2ME Storage #12/INFO]: Storage thread Thread[C2ME Storage #12,8,main] stopped
[03:38:22] [C2ME Storage #11/INFO]: Storage thread Thread[C2ME Storage #11,8,main] stopped
[03:38:22] [C2ME Storage #10/INFO]: Storage thread Thread[C2ME Storage #10,8,main] stopped
[03:38:22] [Server thread/INFO]: [Textile Backup] Warning! Server backup will begin shortly. You may experience some lag.
[03:38:22] [Server thread/INFO]: [Textile Backup] Backup started by: Server Shutdown on: 2024.06.07_03-38-22
[03:38:23] [Server thread/INFO]: [Textile Backup] Starting backup
[03:38:27] [Server thread/INFO]: [Textile Backup] Compression took: 04.479 seconds.
[03:38:27] [Server thread/INFO]: [Textile Backup] Deleted: C:\Users\Ref\Desktop\Bicolandia-server\Bicolandia\backup\Bicolândia\2024.06.05_17-22-44.zip
[03:38:27] [Server thread/INFO]: [Textile Backup] Done!
